<?xml version="1.0" encoding="UTF-8"?>
<testng-results ignored="0" total="1" passed="1" failed="0" skipped="0">
  <reporter-output>
    <line>
      <![CDATA[Browser Is Launched Sucessfully]]>
    </line>
    <line>
      <![CDATA[Test Case Is Pass]]>
    </line>
    <line>
      <![CDATA[Browser Is Closed Sucessfully]]>
    </line>
  </reporter-output>
  <suite started-at="2025-06-12T15:21:55 IST" name="Default suite" finished-at="2025-06-12T15:22:15 IST" duration-ms="19522">
    <groups>
    </groups>
    <test started-at="2025-06-12T15:21:55 IST" name="Default test" finished-at="2025-06-12T15:22:15 IST" duration-ms="19522">
      <class name="project1_Amazon.TC2_Login">
        <test-method is-config="true" signature="Launching(java.lang.String)[pri:0, instance:project1_Amazon.TC2_Login@6440112d]" started-at="2025-06-12T15:21:55 IST" name="Launching" finished-at="2025-06-12T15:22:03 IST" duration-ms="7592" status="PASS">
          <params>
            <param index="0">
              <value>
                <![CDATA[edge]]>
              </value>
            </param>
          </params>
          <reporter-output>
            <line>
              <![CDATA[Browser Is Launched Sucessfully]]>
            </line>
          </reporter-output>
        </test-method> <!-- Launching -->
        <test-method signature="LoginTC2_ToAmazon()[pri:0, instance:project1_Amazon.TC2_Login@6440112d]" started-at="2025-06-12T15:22:03 IST" name="LoginTC2_ToAmazon" finished-at="2025-06-12T15:22:15 IST" duration-ms="11665" status="PASS">
          <reporter-output>
            <line>
              <![CDATA[Test Case Is Pass]]>
            </line>
          </reporter-output>
        </test-method> <!-- LoginTC2_ToAmazon -->
        <test-method is-config="true" signature="Closing()[pri:0, instance:project1_Amazon.TC2_Login@6440112d]" started-at="2025-06-12T15:22:15 IST" name="Closing" finished-at="2025-06-12T15:22:15 IST" duration-ms="1" status="PASS">
          <reporter-output>
            <line>
              <![CDATA[Browser Is Closed Sucessfully]]>
            </line>
          </reporter-output>
        </test-method> <!-- Closing -->
      </class> <!-- project1_Amazon.TC2_Login -->
    </test> <!-- Default test -->
  </suite> <!-- Default suite -->
</testng-results>
