<?xml version="1.0" encoding="UTF-8"?>
<!-- Generated by org.testng.reporters.JUnitXMLReporter -->
<testsuite ignored="0" hostname="Ajit_Choudhary" failures="5" tests="16" name="Amazon Project TestCases Cross Browser Test Edge" time="469.571" errors="0" timestamp="2025-05-31T01:28:35 IST">
  <testcase classname="project1_Amazon.TC5_SearchProduct" name="SearchProductAmazon" time="9.148"/>
  <testcase classname="project1_Amazon.Z_TC15_WithOut_Login_Cart" name="ReachTill_Cart_WithoutLoginAmazon" time="12.78"/>
  <testcase classname="project1_Amazon.Z_TC16_SelectCard_PaymentMthd" name="Select_CardPaymentAmazon" time="29.31">
    <failure type="org.openqa.selenium.NoSuchElementException" message="no such element: Unable to locate element: {&amp;quot;method&amp;quot;:&amp;quot;xpath&amp;quot;,&amp;quot;selector&amp;quot;:&amp;quot;//input[@class=&amp;apos;a-input-text a-form-normal pmts-account-Number&amp;apos;]&amp;quot;}
  (Session info: MicrosoftEdge=136.0.3240.92)
For documentation on this error, please visit: https://www.selenium.dev/documentation/webdriver/troubleshooting/errors#no-such-element-exception
Build info: version: &amp;apos;4.32.0&amp;apos;, revision: &amp;apos;d17c8aa950&amp;apos;
System info: os.name: &amp;apos;Windows 11&amp;apos;, os.arch: &amp;apos;amd64&amp;apos;, os.version: &amp;apos;10.0&amp;apos;, java.version: &amp;apos;17.0.11&amp;apos;
Driver info: org.openqa.selenium.edge.EdgeDriver
Command: [b0805574c01bdb248169debf3c474b1a, findElement {using=xpath, value=//input[@class=&amp;apos;a-input-text a-form-normal pmts-account-Number&amp;apos;]}]
Capabilities {acceptInsecureCerts: false, browserName: MicrosoftEdge, browserVersion: 136.0.3240.92, fedcm:accounts: true, ms:edgeOptions: {debuggerAddress: localhost:55755}, msedge: {msedgedriverVersion: 136.0.3240.92 (a30c59ee983a..., userDataDir: C:\Users\ajitc\AppData\Loca...}, networkConnectionEnabled: false, pageLoadStrategy: normal, platformName: windows, proxy: Proxy(), se:cdp: ws://localhost:55755/devtoo..., se:cdpVersion: 136.0.3240.92, setWindowRect: true, strictFileInteractability: false, timeouts: {implicit: 0, pageLoad: 300000, script: 30000}, unhandledPromptBehavior: dismiss and notify, webauthn:extension:credBlob: true, webauthn:extension:largeBlob: true, webauthn:extension:minPinLength: true, webauthn:extension:prf: true, webauthn:virtualAuthenticators: true}
Session ID: b0805574c01bdb248169debf3c474b1a">
      <![CDATA[org.openqa.selenium.NoSuchElementException: no such element: Unable to locate element: {"method":"xpath","selector":"//input[@class='a-input-text a-form-normal pmts-account-Number']"}
  (Session info: MicrosoftEdge=136.0.3240.92)
For documentation on this error, please visit: https://www.selenium.dev/documentation/webdriver/troubleshooting/errors#no-such-element-exception
Build info: version: '4.32.0', revision: 'd17c8aa950'
System info: os.name: 'Windows 11', os.arch: 'amd64', os.version: '10.0', java.version: '17.0.11'
Driver info: org.openqa.selenium.edge.EdgeDriver
Command: [b0805574c01bdb248169debf3c474b1a, findElement {using=xpath, value=//input[@class='a-input-text a-form-normal pmts-account-Number']}]
Capabilities {acceptInsecureCerts: false, browserName: MicrosoftEdge, browserVersion: 136.0.3240.92, fedcm:accounts: true, ms:edgeOptions: {debuggerAddress: localhost:55755}, msedge: {msedgedriverVersion: 136.0.3240.92 (a30c59ee983a..., userDataDir: C:\Users\ajitc\AppData\Loca...}, networkConnectionEnabled: false, pageLoadStrategy: normal, platformName: windows, proxy: Proxy(), se:cdp: ws://localhost:55755/devtoo..., se:cdpVersion: 136.0.3240.92, setWindowRect: true, strictFileInteractability: false, timeouts: {implicit: 0, pageLoad: 300000, script: 30000}, unhandledPromptBehavior: dismiss and notify, webauthn:extension:credBlob: true, webauthn:extension:largeBlob: true, webauthn:extension:minPinLength: true, webauthn:extension:prf: true, webauthn:virtualAuthenticators: true}
Session ID: b0805574c01bdb248169debf3c474b1a
at org.openqa.selenium.remote.ErrorCodec.decode(ErrorCodec.java:167)
at org.openqa.selenium.remote.codec.w3c.W3CHttpResponseCodec.decode(W3CHttpResponseCodec.java:138)
at org.openqa.selenium.remote.codec.w3c.W3CHttpResponseCodec.decode(W3CHttpResponseCodec.java:50)
at org.openqa.selenium.remote.HttpCommandExecutor.execute(HttpCommandExecutor.java:215)
at org.openqa.selenium.remote.service.DriverCommandExecutor.invokeExecute(DriverCommandExecutor.java:216)
at org.openqa.selenium.remote.service.DriverCommandExecutor.execute(DriverCommandExecutor.java:174)
at org.openqa.selenium.remote.RemoteWebDriver.execute(RemoteWebDriver.java:545)
at org.openqa.selenium.remote.ElementLocation$ElementFinder$2.findElement(ElementLocation.java:165)
at org.openqa.selenium.remote.ElementLocation.findElement(ElementLocation.java:59)
at org.openqa.selenium.remote.RemoteWebDriver.findElement(RemoteWebDriver.java:368)
at org.openqa.selenium.remote.RemoteWebDriver.findElement(RemoteWebDriver.java:362)
at org.openqa.selenium.support.pagefactory.DefaultElementLocator.findElement(DefaultElementLocator.java:68)
at org.openqa.selenium.support.pagefactory.internal.LocatingElementHandler.invoke(LocatingElementHandler.java:38)
at jdk.proxy2/jdk.proxy2.$Proxy12.sendKeys(Unknown Source)
at project1_Amazon_Src.Amazon_CardPayPage.AllPaymentMethods(Amazon_CardPayPage.java:74)
at project1_Amazon.Z_TC16_SelectCard_PaymentMthd.Select_CardPaymentAmazon(Z_TC16_SelectCard_PaymentMthd.java:44)
at java.base/java.util.ArrayList.forEach(ArrayList.java:1511)
... Removed 36 stack frames]]>
    </failure>
  </testcase> <!-- Select_CardPaymentAmazon -->
  <testcase classname="project1_Amazon.TC6_SearchingByFilters" name="SearchProduct_FilterAmazon" time="20.9"/>
  <testcase classname="project1_Amazon.TC3_Fail_Login" name="LoginFail_ToAmazon" time="4.698"/>
  <testcase classname="project1_Amazon.TC2_Login" name="LoginToAmazon" time="3.997"/>
  <testcase classname="project1_Amazon.TC9_AddToCart" name="Product_AddToCartAmazon" time="23.958"/>
  <testcase classname="project1_Amazon.V_TC11_BuyCheckout_PaymentReview" name="BuyProduct_Checkout_PaymentAmazon" time="23.744">
    <failure type="org.openqa.selenium.ElementClickInterceptedException" message="element click intercepted: Element &amp;lt;input id=&amp;quot;pp-viqgFl-139&amp;quot; type=&amp;quot;radio&amp;quot; name=&amp;quot;ppw-instrumentRowSelection&amp;quot; value=&amp;quot;instrumentId=EMI&amp;amp;amp;isExpired=false&amp;amp;amp;paymentMethod=CC&amp;amp;amp;tfxEligible=false&amp;quot; disabled=&amp;quot;&amp;quot;&amp;gt; is not clickable at point (91, 655). Other element would receive the click: &amp;lt;span role=&amp;quot;radio&amp;quot;&amp;gt;...&amp;lt;/span&amp;gt;
  (Session info: MicrosoftEdge=136.0.3240.92)
Build info: version: &amp;apos;4.32.0&amp;apos;, revision: &amp;apos;d17c8aa950&amp;apos;
System info: os.name: &amp;apos;Windows 11&amp;apos;, os.arch: &amp;apos;amd64&amp;apos;, os.version: &amp;apos;10.0&amp;apos;, java.version: &amp;apos;17.0.11&amp;apos;
Driver info: org.openqa.selenium.edge.EdgeDriver
Command: [d2c76f80fc376e52fb3f00a86928024e, clickElement {id=f.6DF8F876FD42B565F183AB9685024E6C.d.C68D5384CE050C355578A77A28DA5E31.e.119}]
Capabilities {acceptInsecureCerts: false, browserName: MicrosoftEdge, browserVersion: 136.0.3240.92, fedcm:accounts: true, ms:edgeOptions: {debuggerAddress: localhost:57252}, msedge: {msedgedriverVersion: 136.0.3240.92 (a30c59ee983a..., userDataDir: C:\Users\ajitc\AppData\Loca...}, networkConnectionEnabled: false, pageLoadStrategy: normal, platformName: windows, proxy: Proxy(), se:cdp: ws://localhost:57252/devtoo..., se:cdpVersion: 136.0.3240.92, setWindowRect: true, strictFileInteractability: false, timeouts: {implicit: 0, pageLoad: 300000, script: 30000}, unhandledPromptBehavior: dismiss and notify, webauthn:extension:credBlob: true, webauthn:extension:largeBlob: true, webauthn:extension:minPinLength: true, webauthn:extension:prf: true, webauthn:virtualAuthenticators: true}
Element: [[EdgeDriver: MicrosoftEdge on windows (d2c76f80fc376e52fb3f00a86928024e)] -&amp;gt; xpath: (//input[@name=&amp;apos;ppw-instrumentRowSelection&amp;apos;])[5]]
Session ID: d2c76f80fc376e52fb3f00a86928024e">
      <![CDATA[org.openqa.selenium.ElementClickInterceptedException: element click intercepted: Element <input id="pp-viqgFl-139" type="radio" name="ppw-instrumentRowSelection" value="instrumentId=EMI&amp;isExpired=false&amp;paymentMethod=CC&amp;tfxEligible=false" disabled=""> is not clickable at point (91, 655). Other element would receive the click: <span role="radio">...</span>
  (Session info: MicrosoftEdge=136.0.3240.92)
Build info: version: '4.32.0', revision: 'd17c8aa950'
System info: os.name: 'Windows 11', os.arch: 'amd64', os.version: '10.0', java.version: '17.0.11'
Driver info: org.openqa.selenium.edge.EdgeDriver
Command: [d2c76f80fc376e52fb3f00a86928024e, clickElement {id=f.6DF8F876FD42B565F183AB9685024E6C.d.C68D5384CE050C355578A77A28DA5E31.e.119}]
Capabilities {acceptInsecureCerts: false, browserName: MicrosoftEdge, browserVersion: 136.0.3240.92, fedcm:accounts: true, ms:edgeOptions: {debuggerAddress: localhost:57252}, msedge: {msedgedriverVersion: 136.0.3240.92 (a30c59ee983a..., userDataDir: C:\Users\ajitc\AppData\Loca...}, networkConnectionEnabled: false, pageLoadStrategy: normal, platformName: windows, proxy: Proxy(), se:cdp: ws://localhost:57252/devtoo..., se:cdpVersion: 136.0.3240.92, setWindowRect: true, strictFileInteractability: false, timeouts: {implicit: 0, pageLoad: 300000, script: 30000}, unhandledPromptBehavior: dismiss and notify, webauthn:extension:credBlob: true, webauthn:extension:largeBlob: true, webauthn:extension:minPinLength: true, webauthn:extension:prf: true, webauthn:virtualAuthenticators: true}
Element: [[EdgeDriver: MicrosoftEdge on windows (d2c76f80fc376e52fb3f00a86928024e)] -> xpath: (//input[@name='ppw-instrumentRowSelection'])[5]]
Session ID: d2c76f80fc376e52fb3f00a86928024e
at org.openqa.selenium.remote.ErrorCodec.decode(ErrorCodec.java:167)
at org.openqa.selenium.remote.codec.w3c.W3CHttpResponseCodec.decode(W3CHttpResponseCodec.java:138)
at org.openqa.selenium.remote.codec.w3c.W3CHttpResponseCodec.decode(W3CHttpResponseCodec.java:50)
at org.openqa.selenium.remote.HttpCommandExecutor.execute(HttpCommandExecutor.java:215)
at org.openqa.selenium.remote.service.DriverCommandExecutor.invokeExecute(DriverCommandExecutor.java:216)
at org.openqa.selenium.remote.service.DriverCommandExecutor.execute(DriverCommandExecutor.java:174)
at org.openqa.selenium.remote.RemoteWebDriver.execute(RemoteWebDriver.java:545)
at org.openqa.selenium.remote.RemoteWebElement.execute(RemoteWebElement.java:223)
at org.openqa.selenium.remote.RemoteWebElement.click(RemoteWebElement.java:76)
at org.openqa.selenium.support.pagefactory.internal.LocatingElementHandler.invoke(LocatingElementHandler.java:51)
at jdk.proxy2/jdk.proxy2.$Proxy12.click(Unknown Source)
at project1_Amazon_Src.Amazon_BuyCheckOutPage.CheckOut(Amazon_BuyCheckOutPage.java:76)
at project1_Amazon.V_TC11_BuyCheckout_PaymentReview.BuyProduct_Checkout_PaymentAmazon(V_TC11_BuyCheckout_PaymentReview.java:44)
at java.base/java.util.ArrayList.forEach(ArrayList.java:1511)
... Removed 39 stack frames]]>
    </failure>
  </testcase> <!-- BuyProduct_Checkout_PaymentAmazon -->
  <testcase classname="project1_Amazon.TC4_EditProfile" name="EditProfileAmazon" time="18.485"/>
  <testcase classname="project1_Amazon.W_TC12_SelectEach_PaymentMthd" name="Select_AllPaymentAmazon" time="38.723">
    <failure type="org.openqa.selenium.ElementClickInterceptedException" message="element click intercepted: Element &amp;lt;input id=&amp;quot;pp-9sKn9S-139&amp;quot; type=&amp;quot;radio&amp;quot; name=&amp;quot;ppw-instrumentRowSelection&amp;quot; value=&amp;quot;instrumentId=EMI&amp;amp;amp;isExpired=false&amp;amp;amp;paymentMethod=CC&amp;amp;amp;tfxEligible=false&amp;quot; disabled=&amp;quot;&amp;quot;&amp;gt; is not clickable at point (91, 655). Other element would receive the click: &amp;lt;span role=&amp;quot;radio&amp;quot;&amp;gt;...&amp;lt;/span&amp;gt;
  (Session info: MicrosoftEdge=136.0.3240.92)
Build info: version: &amp;apos;4.32.0&amp;apos;, revision: &amp;apos;d17c8aa950&amp;apos;
System info: os.name: &amp;apos;Windows 11&amp;apos;, os.arch: &amp;apos;amd64&amp;apos;, os.version: &amp;apos;10.0&amp;apos;, java.version: &amp;apos;17.0.11&amp;apos;
Driver info: org.openqa.selenium.edge.EdgeDriver
Command: [a8b5542ef4358cd3b1b8e9d0233b926e, clickElement {id=f.A11E6346CB78D9E5FDD53017D7C0016F.d.A1466D0BBB38861E87F96B811B372C30.e.270}]
Capabilities {acceptInsecureCerts: false, browserName: MicrosoftEdge, browserVersion: 136.0.3240.92, fedcm:accounts: true, ms:edgeOptions: {debuggerAddress: localhost:58328}, msedge: {msedgedriverVersion: 136.0.3240.92 (a30c59ee983a..., userDataDir: C:\Users\ajitc\AppData\Loca...}, networkConnectionEnabled: false, pageLoadStrategy: normal, platformName: windows, proxy: Proxy(), se:cdp: ws://localhost:58328/devtoo..., se:cdpVersion: 136.0.3240.92, setWindowRect: true, strictFileInteractability: false, timeouts: {implicit: 0, pageLoad: 300000, script: 30000}, unhandledPromptBehavior: dismiss and notify, webauthn:extension:credBlob: true, webauthn:extension:largeBlob: true, webauthn:extension:minPinLength: true, webauthn:extension:prf: true, webauthn:virtualAuthenticators: true}
Element: [[EdgeDriver: MicrosoftEdge on windows (a8b5542ef4358cd3b1b8e9d0233b926e)] -&amp;gt; xpath: (//input[@name=&amp;apos;ppw-instrumentRowSelection&amp;apos;])[5]]
Session ID: a8b5542ef4358cd3b1b8e9d0233b926e">
      <![CDATA[org.openqa.selenium.ElementClickInterceptedException: element click intercepted: Element <input id="pp-9sKn9S-139" type="radio" name="ppw-instrumentRowSelection" value="instrumentId=EMI&amp;isExpired=false&amp;paymentMethod=CC&amp;tfxEligible=false" disabled=""> is not clickable at point (91, 655). Other element would receive the click: <span role="radio">...</span>
  (Session info: MicrosoftEdge=136.0.3240.92)
Build info: version: '4.32.0', revision: 'd17c8aa950'
System info: os.name: 'Windows 11', os.arch: 'amd64', os.version: '10.0', java.version: '17.0.11'
Driver info: org.openqa.selenium.edge.EdgeDriver
Command: [a8b5542ef4358cd3b1b8e9d0233b926e, clickElement {id=f.A11E6346CB78D9E5FDD53017D7C0016F.d.A1466D0BBB38861E87F96B811B372C30.e.270}]
Capabilities {acceptInsecureCerts: false, browserName: MicrosoftEdge, browserVersion: 136.0.3240.92, fedcm:accounts: true, ms:edgeOptions: {debuggerAddress: localhost:58328}, msedge: {msedgedriverVersion: 136.0.3240.92 (a30c59ee983a..., userDataDir: C:\Users\ajitc\AppData\Loca...}, networkConnectionEnabled: false, pageLoadStrategy: normal, platformName: windows, proxy: Proxy(), se:cdp: ws://localhost:58328/devtoo..., se:cdpVersion: 136.0.3240.92, setWindowRect: true, strictFileInteractability: false, timeouts: {implicit: 0, pageLoad: 300000, script: 30000}, unhandledPromptBehavior: dismiss and notify, webauthn:extension:credBlob: true, webauthn:extension:largeBlob: true, webauthn:extension:minPinLength: true, webauthn:extension:prf: true, webauthn:virtualAuthenticators: true}
Element: [[EdgeDriver: MicrosoftEdge on windows (a8b5542ef4358cd3b1b8e9d0233b926e)] -> xpath: (//input[@name='ppw-instrumentRowSelection'])[5]]
Session ID: a8b5542ef4358cd3b1b8e9d0233b926e
at org.openqa.selenium.remote.ErrorCodec.decode(ErrorCodec.java:167)
at org.openqa.selenium.remote.codec.w3c.W3CHttpResponseCodec.decode(W3CHttpResponseCodec.java:138)
at org.openqa.selenium.remote.codec.w3c.W3CHttpResponseCodec.decode(W3CHttpResponseCodec.java:50)
at org.openqa.selenium.remote.HttpCommandExecutor.execute(HttpCommandExecutor.java:215)
at org.openqa.selenium.remote.service.DriverCommandExecutor.invokeExecute(DriverCommandExecutor.java:216)
at org.openqa.selenium.remote.service.DriverCommandExecutor.execute(DriverCommandExecutor.java:174)
at org.openqa.selenium.remote.RemoteWebDriver.execute(RemoteWebDriver.java:545)
at org.openqa.selenium.remote.RemoteWebElement.execute(RemoteWebElement.java:223)
at org.openqa.selenium.remote.RemoteWebElement.click(RemoteWebElement.java:76)
at org.openqa.selenium.support.pagefactory.internal.LocatingElementHandler.invoke(LocatingElementHandler.java:51)
at jdk.proxy2/jdk.proxy2.$Proxy12.click(Unknown Source)
at project1_Amazon_Src.Amazon_PaymentMethodPage.AllPaymentMethods(Amazon_PaymentMethodPage.java:88)
at project1_Amazon.W_TC12_SelectEach_PaymentMthd.Select_AllPaymentAmazon(W_TC12_SelectEach_PaymentMthd.java:44)
at java.base/java.util.ArrayList.forEach(ArrayList.java:1511)
... Removed 39 stack frames]]>
    </failure>
  </testcase> <!-- Select_AllPaymentAmazon -->
  <testcase classname="project1_Amazon.TC7_Product_details_Display" name="ProductDetails_DisplayAmazon" time="29.294">
    <failure type="org.openqa.selenium.NoSuchElementException" message="no such element: Unable to locate element: {&amp;quot;method&amp;quot;:&amp;quot;xpath&amp;quot;,&amp;quot;selector&amp;quot;:&amp;quot;//span[@class=&amp;apos;a-price aok-align-center reinventPricePriceToPayMargin priceToPay&amp;apos;]&amp;quot;}
  (Session info: MicrosoftEdge=136.0.3240.92)
For documentation on this error, please visit: https://www.selenium.dev/documentation/webdriver/troubleshooting/errors#no-such-element-exception
Build info: version: &amp;apos;4.32.0&amp;apos;, revision: &amp;apos;d17c8aa950&amp;apos;
System info: os.name: &amp;apos;Windows 11&amp;apos;, os.arch: &amp;apos;amd64&amp;apos;, os.version: &amp;apos;10.0&amp;apos;, java.version: &amp;apos;17.0.11&amp;apos;
Driver info: org.openqa.selenium.edge.EdgeDriver
Command: [ce0dd1d906f02a869230ff9e7f4b5487, findElement {using=xpath, value=//span[@class=&amp;apos;a-price aok-align-center reinventPricePriceToPayMargin priceToPay&amp;apos;]}]
Capabilities {acceptInsecureCerts: false, browserName: MicrosoftEdge, browserVersion: 136.0.3240.92, fedcm:accounts: true, ms:edgeOptions: {debuggerAddress: localhost:58772}, msedge: {msedgedriverVersion: 136.0.3240.92 (a30c59ee983a..., userDataDir: C:\Users\ajitc\AppData\Loca...}, networkConnectionEnabled: false, pageLoadStrategy: normal, platformName: windows, proxy: Proxy(), se:cdp: ws://localhost:58772/devtoo..., se:cdpVersion: 136.0.3240.92, setWindowRect: true, strictFileInteractability: false, timeouts: {implicit: 0, pageLoad: 300000, script: 30000}, unhandledPromptBehavior: dismiss and notify, webauthn:extension:credBlob: true, webauthn:extension:largeBlob: true, webauthn:extension:minPinLength: true, webauthn:extension:prf: true, webauthn:virtualAuthenticators: true}
Session ID: ce0dd1d906f02a869230ff9e7f4b5487">
      <![CDATA[org.openqa.selenium.NoSuchElementException: no such element: Unable to locate element: {"method":"xpath","selector":"//span[@class='a-price aok-align-center reinventPricePriceToPayMargin priceToPay']"}
  (Session info: MicrosoftEdge=136.0.3240.92)
For documentation on this error, please visit: https://www.selenium.dev/documentation/webdriver/troubleshooting/errors#no-such-element-exception
Build info: version: '4.32.0', revision: 'd17c8aa950'
System info: os.name: 'Windows 11', os.arch: 'amd64', os.version: '10.0', java.version: '17.0.11'
Driver info: org.openqa.selenium.edge.EdgeDriver
Command: [ce0dd1d906f02a869230ff9e7f4b5487, findElement {using=xpath, value=//span[@class='a-price aok-align-center reinventPricePriceToPayMargin priceToPay']}]
Capabilities {acceptInsecureCerts: false, browserName: MicrosoftEdge, browserVersion: 136.0.3240.92, fedcm:accounts: true, ms:edgeOptions: {debuggerAddress: localhost:58772}, msedge: {msedgedriverVersion: 136.0.3240.92 (a30c59ee983a..., userDataDir: C:\Users\ajitc\AppData\Loca...}, networkConnectionEnabled: false, pageLoadStrategy: normal, platformName: windows, proxy: Proxy(), se:cdp: ws://localhost:58772/devtoo..., se:cdpVersion: 136.0.3240.92, setWindowRect: true, strictFileInteractability: false, timeouts: {implicit: 0, pageLoad: 300000, script: 30000}, unhandledPromptBehavior: dismiss and notify, webauthn:extension:credBlob: true, webauthn:extension:largeBlob: true, webauthn:extension:minPinLength: true, webauthn:extension:prf: true, webauthn:virtualAuthenticators: true}
Session ID: ce0dd1d906f02a869230ff9e7f4b5487
at org.openqa.selenium.remote.ErrorCodec.decode(ErrorCodec.java:167)
at org.openqa.selenium.remote.codec.w3c.W3CHttpResponseCodec.decode(W3CHttpResponseCodec.java:138)
at org.openqa.selenium.remote.codec.w3c.W3CHttpResponseCodec.decode(W3CHttpResponseCodec.java:50)
at org.openqa.selenium.remote.HttpCommandExecutor.execute(HttpCommandExecutor.java:215)
at org.openqa.selenium.remote.service.DriverCommandExecutor.invokeExecute(DriverCommandExecutor.java:216)
at org.openqa.selenium.remote.service.DriverCommandExecutor.execute(DriverCommandExecutor.java:174)
at org.openqa.selenium.remote.RemoteWebDriver.execute(RemoteWebDriver.java:545)
at org.openqa.selenium.remote.ElementLocation$ElementFinder$2.findElement(ElementLocation.java:165)
at org.openqa.selenium.remote.ElementLocation.findElement(ElementLocation.java:59)
at org.openqa.selenium.remote.RemoteWebDriver.findElement(RemoteWebDriver.java:368)
at org.openqa.selenium.remote.RemoteWebDriver.findElement(RemoteWebDriver.java:362)
at org.openqa.selenium.support.pagefactory.DefaultElementLocator.findElement(DefaultElementLocator.java:68)
at org.openqa.selenium.support.pagefactory.internal.LocatingElementHandler.invoke(LocatingElementHandler.java:38)
at jdk.proxy2/jdk.proxy2.$Proxy12.isDisplayed(Unknown Source)
at project1_Amazon_Src.Amazon_ProductPage1.DetailsDisplays(Amazon_ProductPage1.java:68)
at project1_Amazon.TC7_Product_details_Display.ProductDetails_DisplayAmazon(TC7_Product_details_Display.java:44)
at java.base/java.util.ArrayList.forEach(ArrayList.java:1511)
... Removed 36 stack frames]]>
    </failure>
  </testcase> <!-- ProductDetails_DisplayAmazon -->
  <testcase classname="project1_Amazon.X_TC13_Apply_CouponCode" name="ApplyCouponCode_OrderingAmazon" time="20.233"/>
  <testcase classname="project1_Amazon.U_TC10_Add_Update_RemoveCart" name="AddProduct_RemoveCartAmazon" time="36.37"/>
  <testcase classname="project1_Amazon.TC8_ProductSort" name="Product_SortAmazon" time="22.267"/>
  <testcase classname="project1_Amazon.TC1_Register" name="Register_ToAmazon" time="18.913">
    <failure type="org.openqa.selenium.NoSuchElementException" message="no such element: Unable to locate element: {&amp;quot;method&amp;quot;:&amp;quot;css selector&amp;quot;,&amp;quot;selector&amp;quot;:&amp;quot;*[name=&amp;apos;customerName&amp;apos;]&amp;quot;}
  (Session info: MicrosoftEdge=136.0.3240.92)
For documentation on this error, please visit: https://www.selenium.dev/documentation/webdriver/troubleshooting/errors#no-such-element-exception
Build info: version: &amp;apos;4.32.0&amp;apos;, revision: &amp;apos;d17c8aa950&amp;apos;
System info: os.name: &amp;apos;Windows 11&amp;apos;, os.arch: &amp;apos;amd64&amp;apos;, os.version: &amp;apos;10.0&amp;apos;, java.version: &amp;apos;17.0.11&amp;apos;
Driver info: org.openqa.selenium.edge.EdgeDriver
Command: [76b977d5e4c87345433320b9238d9dc7, findElement {using=name, value=customerName}]
Capabilities {acceptInsecureCerts: false, browserName: MicrosoftEdge, browserVersion: 136.0.3240.92, fedcm:accounts: true, ms:edgeOptions: {debuggerAddress: localhost:60182}, msedge: {msedgedriverVersion: 136.0.3240.92 (a30c59ee983a..., userDataDir: C:\Users\ajitc\AppData\Loca...}, networkConnectionEnabled: false, pageLoadStrategy: normal, platformName: windows, proxy: Proxy(), se:cdp: ws://localhost:60182/devtoo..., se:cdpVersion: 136.0.3240.92, setWindowRect: true, strictFileInteractability: false, timeouts: {implicit: 0, pageLoad: 300000, script: 30000}, unhandledPromptBehavior: dismiss and notify, webauthn:extension:credBlob: true, webauthn:extension:largeBlob: true, webauthn:extension:minPinLength: true, webauthn:extension:prf: true, webauthn:virtualAuthenticators: true}
Session ID: 76b977d5e4c87345433320b9238d9dc7">
      <![CDATA[org.openqa.selenium.NoSuchElementException: no such element: Unable to locate element: {"method":"css selector","selector":"*[name='customerName']"}
  (Session info: MicrosoftEdge=136.0.3240.92)
For documentation on this error, please visit: https://www.selenium.dev/documentation/webdriver/troubleshooting/errors#no-such-element-exception
Build info: version: '4.32.0', revision: 'd17c8aa950'
System info: os.name: 'Windows 11', os.arch: 'amd64', os.version: '10.0', java.version: '17.0.11'
Driver info: org.openqa.selenium.edge.EdgeDriver
Command: [76b977d5e4c87345433320b9238d9dc7, findElement {using=name, value=customerName}]
Capabilities {acceptInsecureCerts: false, browserName: MicrosoftEdge, browserVersion: 136.0.3240.92, fedcm:accounts: true, ms:edgeOptions: {debuggerAddress: localhost:60182}, msedge: {msedgedriverVersion: 136.0.3240.92 (a30c59ee983a..., userDataDir: C:\Users\ajitc\AppData\Loca...}, networkConnectionEnabled: false, pageLoadStrategy: normal, platformName: windows, proxy: Proxy(), se:cdp: ws://localhost:60182/devtoo..., se:cdpVersion: 136.0.3240.92, setWindowRect: true, strictFileInteractability: false, timeouts: {implicit: 0, pageLoad: 300000, script: 30000}, unhandledPromptBehavior: dismiss and notify, webauthn:extension:credBlob: true, webauthn:extension:largeBlob: true, webauthn:extension:minPinLength: true, webauthn:extension:prf: true, webauthn:virtualAuthenticators: true}
Session ID: 76b977d5e4c87345433320b9238d9dc7
at org.openqa.selenium.remote.ErrorCodec.decode(ErrorCodec.java:167)
at org.openqa.selenium.remote.codec.w3c.W3CHttpResponseCodec.decode(W3CHttpResponseCodec.java:138)
at org.openqa.selenium.remote.codec.w3c.W3CHttpResponseCodec.decode(W3CHttpResponseCodec.java:50)
at org.openqa.selenium.remote.HttpCommandExecutor.execute(HttpCommandExecutor.java:215)
at org.openqa.selenium.remote.service.DriverCommandExecutor.invokeExecute(DriverCommandExecutor.java:216)
at org.openqa.selenium.remote.service.DriverCommandExecutor.execute(DriverCommandExecutor.java:174)
at org.openqa.selenium.remote.RemoteWebDriver.execute(RemoteWebDriver.java:545)
at org.openqa.selenium.remote.ElementLocation$ElementFinder$2.findElement(ElementLocation.java:165)
at org.openqa.selenium.remote.ElementLocation.findElement(ElementLocation.java:59)
at org.openqa.selenium.remote.RemoteWebDriver.findElement(RemoteWebDriver.java:368)
at org.openqa.selenium.remote.RemoteWebDriver.findElement(RemoteWebDriver.java:362)
at org.openqa.selenium.support.pagefactory.DefaultElementLocator.findElement(DefaultElementLocator.java:68)
at org.openqa.selenium.support.pagefactory.internal.LocatingElementHandler.invoke(LocatingElementHandler.java:38)
at jdk.proxy2/jdk.proxy2.$Proxy12.sendKeys(Unknown Source)
at project1_Amazon_Src.Amazon_RegisterPage.NamePwdMobile(Amazon_RegisterPage.java:73)
at project1_Amazon.TC1_Register.Register_ToAmazon(TC1_Register.java:27)
at java.base/java.util.ArrayList.forEach(ArrayList.java:1511)
... Removed 36 stack frames]]>
    </failure>
  </testcase> <!-- Register_ToAmazon -->
  <testcase classname="project1_Amazon.Y_TC14_StarRating" name="Star5_Rating_LastOrder_Amazon" time="22.9"/>
</testsuite> <!-- Amazon Project TestCases Cross Browser Test Edge -->
