<?xml version="1.0" encoding="UTF-8"?>
<!-- Generated by org.testng.reporters.JUnitXMLReporter -->
<testsuite ignored="0" hostname="Ajit_Choudhary" failures="3" tests="20" name="Amazon Project TestCases Test" time="708.977" errors="0" timestamp="2025-06-11T00:20:00 IST">
  <testcase classname="project1_Amazon.TC5_SearchProduct" name="SearchProductTC5_Amazon" time="11.42"/>
  <testcase classname="project1_Amazon.Z_TC15_WithOut_Login_Cart" name="ReachTillTC15_Cart_WithoutLoginAmazon" time="12.358"/>
  <testcase classname="project1_Amazon.Z_TC16_SelectCard_PaymentMthd" name="SelectTC16_CardPaymentAmazon" time="27.411">
    <skipped/>
  </testcase> <!-- SelectTC16_CardPaymentAmazon -->
  <testcase classname="project1_Amazon.Z_TC16_SelectCard_PaymentMthd" name="SelectTC16_CardPaymentAmazon" time="29.288">
    <failure type="java.lang.NullPointerException" message="Cannot invoke &amp;quot;org.openqa.selenium.WebDriver.getClass()&amp;quot; because &amp;quot;exceptionDriver&amp;quot; is null">
      <![CDATA[java.lang.NullPointerException: Cannot invoke "org.openqa.selenium.WebDriver.getClass()" because "exceptionDriver" is null
at org.openqa.selenium.support.ui.WebDriverWait.timeoutException(WebDriverWait.java:85)
at org.openqa.selenium.support.ui.FluentWait.until(FluentWait.java:228)
at project1_Amazon_Src.Amazon_CardPayPage.AllPaymentMethods(Amazon_CardPayPage.java:94)
at project1_Amazon.Z_TC16_SelectCard_PaymentMthd.SelectTC16_CardPaymentAmazon(Z_TC16_SelectCard_PaymentMthd.java:44)
at java.base/java.util.ArrayList.forEach(ArrayList.java:1511)
... Removed 31 stack frames]]>
    </failure>
  </testcase> <!-- SelectTC16_CardPaymentAmazon -->
  <testcase classname="project1_Amazon.TC6_SearchingByFilters" name="SearchProductTC6_FilterAmazon" time="21.215"/>
  <testcase classname="project1_Amazon.TC3_Fail_Login" name="LoginFailTC3_ToAmazon" time="5.704"/>
  <testcase classname="project1_Amazon.TC2_Login" name="LoginTC2_ToAmazon" time="12.351"/>
  <testcase classname="project1_Amazon.TC9_AddToCart" name="ProductTC9_AddToCartAmazon" time="25.15"/>
  <testcase classname="project1_Amazon.V_TC11_BuyCheckout_PaymentReview" name="BuyProductTC11_Checkout_PaymentAmazon" time="44.5">
    <skipped/>
  </testcase> <!-- BuyProductTC11_Checkout_PaymentAmazon -->
  <testcase classname="project1_Amazon.V_TC11_BuyCheckout_PaymentReview" name="BuyProductTC11_Checkout_PaymentAmazon" time="29.456">
    <failure type="java.lang.NullPointerException" message="Cannot invoke &amp;quot;org.openqa.selenium.WebDriver.getClass()&amp;quot; because &amp;quot;exceptionDriver&amp;quot; is null">
      <![CDATA[java.lang.NullPointerException: Cannot invoke "org.openqa.selenium.WebDriver.getClass()" because "exceptionDriver" is null
at org.openqa.selenium.support.ui.WebDriverWait.timeoutException(WebDriverWait.java:85)
at org.openqa.selenium.support.ui.FluentWait.until(FluentWait.java:228)
at project1_Amazon_Src.Amazon_BuyCheckOutPage.CheckOut(Amazon_BuyCheckOutPage.java:128)
at project1_Amazon.V_TC11_BuyCheckout_PaymentReview.BuyProductTC11_Checkout_PaymentAmazon(V_TC11_BuyCheckout_PaymentReview.java:44)
at java.base/java.util.ArrayList.forEach(ArrayList.java:1511)
... Removed 31 stack frames]]>
    </failure>
  </testcase> <!-- BuyProductTC11_Checkout_PaymentAmazon -->
  <testcase classname="project1_Amazon.TC4_EditProfile" name="EditProfileTC4_Amazon" time="17.178"/>
  <testcase classname="project1_Amazon.W_TC12_SelectEach_PaymentMthd" name="SelectTC12_AllPaymentAmazon" time="34.276">
    <skipped/>
  </testcase> <!-- SelectTC12_AllPaymentAmazon -->
  <testcase classname="project1_Amazon.W_TC12_SelectEach_PaymentMthd" name="SelectTC12_AllPaymentAmazon" time="33.183"/>
  <testcase classname="project1_Amazon.TC7_Product_details_Display" name="ProductDetailsTC7_DisplayAmazon" time="20.255"/>
  <testcase classname="project1_Amazon.X_TC13_Apply_CouponCode" name="ApplyCouponCodeTC13_OrderingAmazon" time="32.519"/>
  <testcase classname="project1_Amazon.U_TC10_Add_Update_RemoveCart" name="AddProductTC10_RemoveCartAmazon" time="33.781">
    <skipped/>
  </testcase> <!-- AddProductTC10_RemoveCartAmazon -->
  <testcase classname="project1_Amazon.U_TC10_Add_Update_RemoveCart" name="AddProductTC10_RemoveCartAmazon" time="50.549"/>
  <testcase classname="project1_Amazon.TC8_ProductSort" name="ProductTC8_SortAmazon" time="24.426"/>
  <testcase classname="project1_Amazon.Y_TC14_StarRating" name="Star5TC14_Rating_LastOrder_Amazon" time="37.01">
    <skipped/>
  </testcase> <!-- Star5TC14_Rating_LastOrder_Amazon -->
  <testcase classname="project1_Amazon.Y_TC14_StarRating" name="Star5TC14_Rating_LastOrder_Amazon" time="28.655">
    <failure type="java.lang.NullPointerException" message="Cannot invoke &amp;quot;org.openqa.selenium.WebDriver.getClass()&amp;quot; because &amp;quot;exceptionDriver&amp;quot; is null">
      <![CDATA[java.lang.NullPointerException: Cannot invoke "org.openqa.selenium.WebDriver.getClass()" because "exceptionDriver" is null
at org.openqa.selenium.support.ui.WebDriverWait.timeoutException(WebDriverWait.java:85)
at org.openqa.selenium.support.ui.FluentWait.until(FluentWait.java:228)
at project1_Amazon_Src.Amazon_RatingPage.Rating(Amazon_RatingPage.java:53)
at project1_Amazon.Y_TC14_StarRating.Star5TC14_Rating_LastOrder_Amazon(Y_TC14_StarRating.java:43)
at java.base/java.util.ArrayList.forEach(ArrayList.java:1511)
... Removed 31 stack frames]]>
    </failure>
  </testcase> <!-- Star5TC14_Rating_LastOrder_Amazon -->
</testsuite> <!-- Amazon Project TestCases Test -->
